<?xml version="1.0" encoding="UTF-8"?>
<!-- Generated by org.testng.reporters.JUnitXMLReporter -->
<testsuite ignored="0" hostname="Shinchan" failures="1" tests="1" name="praticeclass" time="0.962" errors="0" timestamp="2026-03-19T12:47:05 IST">
  <testcase classname="com.trvel1.testcase.Praticalclass" name="pratice" time="0.591">
    <failure type="java.lang.Error" message="Unresolved compilation problems: 
	Syntax error on token &amp;quot;.&amp;quot;, @ expected after this token
	Syntax error, insert &amp;quot;SimpleName&amp;quot; to complete QualifiedName
	Syntax error, insert &amp;quot;Identifier (&amp;quot; to complete MethodHeaderName
	Syntax error, insert &amp;quot;)&amp;quot; to complete MethodDeclaration
">
      <![CDATA[java.lang.Error: Unresolved compilation problems: 
Syntax error on token ".", @ expected after this token
Syntax error, insert "SimpleName" to complete QualifiedName
Syntax error, insert "Identifier (" to complete MethodHeaderName
Syntax error, insert ")" to complete MethodDeclaration

at com.tarvel1.pageObject.Pratialpage.<init>(Pratialpage.java:28)
at com.trvel1.testcase.Praticalclass.pratice(Praticalclass.java:11)
at java.base/java.util.ArrayList.forEach(ArrayList.java:1604)
... Removed 29 stack frames]]>
    </failure>
  </testcase> <!-- pratice -->
</testsuite> <!-- praticeclass -->
