<?xml version="1.0" encoding="UTF-8"?>
<!-- Generated by org.testng.reporters.JUnitXMLReporter -->
<testsuite ignored="0" hostname="Shinchan" failures="1" tests="1" name="praticeclass" time="5.014" errors="0" timestamp="2026-03-13T23:33:22 IST">
  <testcase classname="com.trvel1.testcase.Praticalclass" name="pratice" time="4.592">
    <failure type="org.openqa.selenium.NoSuchElementException" message="no such element: Unable to locate element: {&amp;quot;method&amp;quot;:&amp;quot;xpath&amp;quot;,&amp;quot;selector&amp;quot;:&amp;quot;//*[@id=&amp;quot;row2&amp;quot;]/input&amp;quot;}
  (Session info: MicrosoftEdge=145.0.3800.97)
For documentation on this error, please visit: https://www.selenium.dev/documentation/webdriver/troubleshooting/errors#nosuchelementexception
Build info: version: &amp;apos;4.39.0&amp;apos;, revision: &amp;apos;126f156aee&amp;apos;
System info: os.name: &amp;apos;Windows 11&amp;apos;, os.arch: &amp;apos;amd64&amp;apos;, os.version: &amp;apos;10.0&amp;apos;, java.version: &amp;apos;25.0.2&amp;apos;
Driver info: org.openqa.selenium.edge.EdgeDriver
Command: [f3ac4f1c58efc60197d33983af144537, findElement {value=//*[@id=&amp;quot;row2&amp;quot;]/input, using=xpath}]
Capabilities {acceptInsecureCerts: false, browserName: MicrosoftEdge, browserVersion: 145.0.3800.97, fedcm:accounts: true, goog:processID: 25260, ms:edgeOptions: {debuggerAddress: localhost:62486}, msedge: {msedgedriverVersion: 145.0.3800.97 (f4c49d5241f1..., userDataDir: C:\Users\rajat\AppData\Loca...}, networkConnectionEnabled: false, pageLoadStrategy: normal, platformName: windows, proxy: Proxy(), se:cdp: ws://localhost:62486/devtoo..., se:cdpVersion: 145.0.3800.97, setWindowRect: true, strictFileInteractability: false, timeouts: {implicit: 0, pageLoad: 300000, script: 30000}, unhandledPromptBehavior: dismiss and notify, webauthn:extension:credBlob: true, webauthn:extension:largeBlob: true, webauthn:extension:minPinLength: true, webauthn:extension:prf: true, webauthn:virtualAuthenticators: true}
Session ID: f3ac4f1c58efc60197d33983af144537">
      <![CDATA[org.openqa.selenium.NoSuchElementException: no such element: Unable to locate element: {"method":"xpath","selector":"//*[@id="row2"]/input"}
  (Session info: MicrosoftEdge=145.0.3800.97)
For documentation on this error, please visit: https://www.selenium.dev/documentation/webdriver/troubleshooting/errors#nosuchelementexception
Build info: version: '4.39.0', revision: '126f156aee'
System info: os.name: 'Windows 11', os.arch: 'amd64', os.version: '10.0', java.version: '25.0.2'
Driver info: org.openqa.selenium.edge.EdgeDriver
Command: [f3ac4f1c58efc60197d33983af144537, findElement {value=//*[@id="row2"]/input, using=xpath}]
Capabilities {acceptInsecureCerts: false, browserName: MicrosoftEdge, browserVersion: 145.0.3800.97, fedcm:accounts: true, goog:processID: 25260, ms:edgeOptions: {debuggerAddress: localhost:62486}, msedge: {msedgedriverVersion: 145.0.3800.97 (f4c49d5241f1..., userDataDir: C:\Users\rajat\AppData\Loca...}, networkConnectionEnabled: false, pageLoadStrategy: normal, platformName: windows, proxy: Proxy(), se:cdp: ws://localhost:62486/devtoo..., se:cdpVersion: 145.0.3800.97, setWindowRect: true, strictFileInteractability: false, timeouts: {implicit: 0, pageLoad: 300000, script: 30000}, unhandledPromptBehavior: dismiss and notify, webauthn:extension:credBlob: true, webauthn:extension:largeBlob: true, webauthn:extension:minPinLength: true, webauthn:extension:prf: true, webauthn:virtualAuthenticators: true}
Session ID: f3ac4f1c58efc60197d33983af144537
at org.openqa.selenium.remote.ErrorCodec.decode(ErrorCodec.java:167)
at org.openqa.selenium.remote.codec.w3c.W3CHttpResponseCodec.decode(W3CHttpResponseCodec.java:142)
at org.openqa.selenium.remote.codec.w3c.W3CHttpResponseCodec.decode(W3CHttpResponseCodec.java:49)
at org.openqa.selenium.remote.HttpCommandExecutor.execute(HttpCommandExecutor.java:215)
at org.openqa.selenium.remote.service.DriverCommandExecutor.invokeExecute(DriverCommandExecutor.java:216)
at org.openqa.selenium.remote.service.DriverCommandExecutor.execute(DriverCommandExecutor.java:174)
at org.openqa.selenium.remote.RemoteWebDriver.execute(RemoteWebDriver.java:561)
at org.openqa.selenium.remote.ElementLocation$ElementFinder$2.findElement(ElementLocation.java:166)
at org.openqa.selenium.remote.ElementLocation.findElement(ElementLocation.java:60)
at org.openqa.selenium.remote.RemoteWebDriver.findElement(RemoteWebDriver.java:384)
at org.openqa.selenium.remote.RemoteWebDriver.findElement(RemoteWebDriver.java:378)
at org.openqa.selenium.support.pagefactory.DefaultElementLocator.findElement(DefaultElementLocator.java:68)
at org.openqa.selenium.support.pagefactory.internal.LocatingElementHandler.invoke(LocatingElementHandler.java:38)
at jdk.proxy2/jdk.proxy2.$Proxy10.sendKeys(Unknown Source)
at com.tarvel1.pageObject.Pratialpage.getpratical6(Pratialpage.java:46)
at com.trvel1.testcase.Praticalclass.pratice(Praticalclass.java:18)
at java.base/java.util.ArrayList.forEach(ArrayList.java:1604)
... Removed 32 stack frames]]>
    </failure>
  </testcase> <!-- pratice -->
</testsuite> <!-- praticeclass -->
