<?xml version="1.0" encoding="UTF-8"?>
<testng-results ignored="0" total="4" passed="3" failed="1" skipped="0">
  <reporter-output>
  </reporter-output>
  <suite started-at="2026-03-19T12:46:55 IST" name="Suite" finished-at="2026-03-19T12:47:05 IST" duration-ms="10538">
    <groups>
    </groups>
    <test started-at="2026-03-19T12:46:55 IST" name="Loginclas" finished-at="2026-03-19T12:47:01 IST" duration-ms="6512">
      <class name="com.trvel1.testcase.Loginclas">
        <test-method signature="login()[pri:0, instance:com.trvel1.testcase.Loginclas@12b0404f]" started-at="2026-03-19T12:46:56 IST" name="login" finished-at="2026-03-19T12:47:00 IST" duration-ms="4700" status="PASS">
          <reporter-output>
          </reporter-output>
        </test-method> <!-- login -->
        <test-method signature="out()[pri:0, instance:com.trvel1.testcase.Loginclas@12b0404f]" started-at="2026-03-19T12:47:00 IST" name="out" finished-at="2026-03-19T12:47:01 IST" duration-ms="719" status="PASS">
          <reporter-output>
          </reporter-output>
        </test-method> <!-- out -->
      </class> <!-- com.trvel1.testcase.Loginclas -->
    </test> <!-- Loginclas -->
    <test started-at="2026-03-19T12:47:02 IST" name="Homeclass" finished-at="2026-03-19T12:47:04 IST" duration-ms="1913">
      <class name="com.trvel1.testcase.Homeclass">
        <test-method signature="Home()[pri:0, instance:com.trvel1.testcase.Homeclass@5223e5ee]" started-at="2026-03-19T12:47:02 IST" name="Home" finished-at="2026-03-19T12:47:04 IST" duration-ms="1892" status="PASS">
          <reporter-output>
          </reporter-output>
        </test-method> <!-- Home -->
      </class> <!-- com.trvel1.testcase.Homeclass -->
    </test> <!-- Homeclass -->
    <test started-at="2026-03-19T12:47:04 IST" name="praticeclass" finished-at="2026-03-19T12:47:05 IST" duration-ms="962">
      <class name="com.trvel1.testcase.Praticalclass">
        <test-method is-config="true" signature="browser()[pri:0, instance:com.trvel1.testcase.Praticalclass@6fe7aac8]" started-at="2026-03-19T12:46:49 IST" name="browser" finished-at="2026-03-19T12:46:55 IST" duration-ms="5168" status="PASS">
          <reporter-output>
          </reporter-output>
        </test-method> <!-- browser -->
        <test-method signature="pratice()[pri:0, instance:com.trvel1.testcase.Praticalclass@6fe7aac8]" started-at="2026-03-19T12:47:04 IST" name="pratice" finished-at="2026-03-19T12:47:05 IST" duration-ms="591" status="FAIL">
          <exception class="java.lang.Error">
            <message>
              <![CDATA[Unresolved compilation problems: 
Syntax error on token ".", @ expected after this token
Syntax error, insert "SimpleName" to complete QualifiedName
Syntax error, insert "Identifier (" to complete MethodHeaderName
Syntax error, insert ")" to complete MethodDeclaration
]]>
            </message>
            <full-stacktrace>
              <![CDATA[java.lang.Error: Unresolved compilation problems: 
Syntax error on token ".", @ expected after this token
Syntax error, insert "SimpleName" to complete QualifiedName
Syntax error, insert "Identifier (" to complete MethodHeaderName
Syntax error, insert ")" to complete MethodDeclaration

at com.tarvel1.pageObject.Pratialpage.<init>(Pratialpage.java:28)
at com.trvel1.testcase.Praticalclass.pratice(Praticalclass.java:11)
at java.base/jdk.internal.reflect.DirectMethodHandleAccessor.invoke(DirectMethodHandleAccessor.java:104)
at java.base/java.lang.reflect.Method.invoke(Method.java:565)
at org.testng.internal.invokers.MethodInvocationHelper.invokeMethod(MethodInvocationHelper.java:141)
at org.testng.internal.invokers.TestInvoker.invokeMethod(TestInvoker.java:686)
at org.testng.internal.invokers.TestInvoker.invokeTestMethod(TestInvoker.java:230)
at org.testng.internal.invokers.MethodRunner.runInSequence(MethodRunner.java:63)
at org.testng.internal.invokers.TestInvoker$MethodInvocationAgent.invoke(TestInvoker.java:992)
at org.testng.internal.invokers.TestInvoker.invokeTestMethods(TestInvoker.java:203)
at org.testng.internal.invokers.TestMethodWorker.invokeTestMethods(TestMethodWorker.java:154)
at org.testng.internal.invokers.TestMethodWorker.run(TestMethodWorker.java:134)
at java.base/java.util.ArrayList.forEach(ArrayList.java:1604)
at org.testng.TestRunner.privateRun(TestRunner.java:739)
at org.testng.TestRunner.run(TestRunner.java:614)
at org.testng.SuiteRunner.runTest(SuiteRunner.java:421)
at org.testng.SuiteRunner.runSequentially(SuiteRunner.java:413)
at org.testng.SuiteRunner.privateRun(SuiteRunner.java:373)
at org.testng.SuiteRunner.run(SuiteRunner.java:312)
at org.testng.SuiteRunnerWorker.runSuite(SuiteRunnerWorker.java:52)
at org.testng.SuiteRunnerWorker.run(SuiteRunnerWorker.java:95)
at org.testng.TestNG.runSuitesSequentially(TestNG.java:1274)
at org.testng.TestNG.runSuitesLocally(TestNG.java:1208)
at org.testng.TestNG.runSuites(TestNG.java:1112)
at org.testng.TestNG.run(TestNG.java:1079)
at org.apache.maven.surefire.testng.TestNGExecutor.run(TestNGExecutor.java:308)
at org.apache.maven.surefire.testng.TestNGXmlTestSuite.execute(TestNGXmlTestSuite.java:71)
at org.apache.maven.surefire.testng.TestNGProvider.invoke(TestNGProvider.java:113)
at org.apache.maven.surefire.booter.ForkedBooter.runSuitesInProcess(ForkedBooter.java:385)
at org.apache.maven.surefire.booter.ForkedBooter.execute(ForkedBooter.java:162)
at org.apache.maven.surefire.booter.ForkedBooter.run(ForkedBooter.java:507)
at org.apache.maven.surefire.booter.ForkedBooter.main(ForkedBooter.java:495)
]]>
            </full-stacktrace>
          </exception> <!-- java.lang.Error -->
          <reporter-output>
          </reporter-output>
        </test-method> <!-- pratice -->
      </class> <!-- com.trvel1.testcase.Praticalclass -->
    </test> <!-- praticeclass -->
  </suite> <!-- Suite -->
</testng-results>
